Arguments: 
  C:\Program Files (x86)\nodejs\node.exe C:\Users\yemis\AppData\Roaming\npm\node_modules\yarn\bin\yarn.js add @react-navigation/native

PATH: 
  C:\Program Files\Google\Chrome\Application;C:\Program Files\Common Files\Oracle\Java\javapath;C:\Windows\system32;C:\Windows;C:\Windows\System32\Wbem;C:\Windows\System32\WindowsPowerShell\v1.0\;C:\Windows\System32\OpenSSH\;C:\Program Files\Java\jdk-15\bin;C:\Program Files\ojdkbuild\java-12-openjdk-12.0.1-1\missioncontrol\;C:\Program Files\ojdkbuild\java-12-openjdk-12.0.1-1\bin;C:\Python27;C:\Python27\Scripts;C:\Program Files (x86)\Lua\5.1;C:\Program Files (x86)\Lua\5.1\clibs;C:\Program Files (x86)\NVIDIA Corporation\PhysX\Common;C:\WINDOWS\system32;C:\WINDOWS;C:\WINDOWS\System32\Wbem;C:\WINDOWS\System32\WindowsPowerShell\v1.0\;C:\WINDOWS\System32\OpenSSH\;C:\Program Files (x86)\nodejs\;C:\Program Files\Java\jdk-17\bin;C:\Program Files\Git\cmd;C:\Program Files\TortoiseGit\bin;C:\Program Files\Java\jdk-16.0.2\bin;C:\Users\yemis\AppData\Local\Microsoft\WindowsApps;C:\Users\yemis\AppData\Local\Programs\Microsoft VS Code\bin;C:\Python27;C:\Python27\Scripts;C:\Users\yemis\AppData\Local\GitHubDesktop\bin;C:\Users\yemis\AppData\Local\atom\bin;C:\Users\yemis\AppData\Local\Microsoft\WindowsApps;C:\Users\yemis\AppData\Roaming\npm;C:\Program Files\heroku\bin;C:\Program Files\qemu;

Yarn version: 
  1.22.17

Node version: 
  14.16.1

Platform: 
  win32 ia32

Trace: 
  SyntaxError: C:\Users\yemis\Downloads\EcoHub\package.json: Unexpected end of JSON input
      at JSON.parse (<anonymous>)
      at C:\Users\yemis\AppData\Roaming\npm\node_modules\yarn\lib\cli.js:1625:59
      at Generator.next (<anonymous>)
      at step (C:\Users\yemis\AppData\Roaming\npm\node_modules\yarn\lib\cli.js:310:30)
      at C:\Users\yemis\AppData\Roaming\npm\node_modules\yarn\lib\cli.js:321:13

npm manifest: 
  {
    "main": "node_modules/expo/AppEntry.js",
    "scripts": {
      "start": "expo start",
      "android": "expo start --android",
      "ios": "expo start --ios",
      "web": "expo start --web",
      "eject": "expo eject"
    },
    "dependencies": {
      "@react-navigation/material-bottom-tabs": "^6.0.9",
      "@react-navigation/native": "^6.0.6",
      "expo": "^43.0.0",
      "expo-status-bar": "~1.1.0",
      "react": "17.0.1",
      "react-dom": "17.0.1",
      "react-native": "0.64.2",
      "react-native-gesture-handler": "~1.10.2",
      "react-native-paper": "^4.9.2",
      "react-native-reanimated": "~2.2.0",
      "react-native-vector-icons": "^9.0.0",
      "react-native-web": "0.17.1",
      "react-navigation-drawer": "^2.7.1"
    },

yarn manifest: 
  No manifest

Lockfile: 
  No lockfile
